 Trial 24 finished with value: 0.14984873749030406 and parameters: {'lambda_reg': 0.00024722641828542693}. Best is trial 13 with value: 0.12145689134192648.









Final weights: [ 1.38527374 -1.94550384 -0.13311081 -1.99720579 -1.66972522  1.49363516
 -0.48613642  1.95933266 -0.79309391  2.16073995]
Smallest Loss: 0.11911804371129281 loss at index 9999
Smallest Test Loss: 0.14984873749030406 loss at index 761






















[I 2025-02-17 18:25:43,842]
 Trial 25 finished with value: 0.15386601091709792 and parameters: {'lambda_reg': 0.0012166799254156424}. Best is trial 13 with value: 0.12145689134192648.









Final weights: [ 1.37872524 -1.52132398 -2.11518844 -0.02267119 -1.43026771  0.98415076
 -0.11180553  1.57948579  1.22105504 -0.03854931]
Smallest Loss: 0.12798424650251297 loss at index 9999
Smallest Test Loss: 0.15386601091709792 loss at index 602






















[I 2025-02-17 18:25:44,323]
 Trial 26 finished with value: 0.10710861641647884 and parameters: {'lambda_reg': 0.0002910136121560851}. Best is trial 26 with value: 0.10710861641647884.









Final weights: [ 1.179562   -0.40699571 -2.76943241 -1.57962835 -0.83865038  1.46091299
  0.73390297  0.56554726  0.54579933  1.09064323]
Smallest Loss: 0.1103042193751269 loss at index 9999
Smallest Test Loss: 0.10710861641647884 loss at index 246






















[I 2025-02-17 18:25:44,800]
 Trial 27 finished with value: 0.19300989244914554 and parameters: {'lambda_reg': 0.0005257496563296766}. Best is trial 26 with value: 0.10710861641647884.









Final weights: [ 1.21543381 -0.62894979 -2.38440757 -1.92679961 -0.62563298  1.01321313
  1.02230969  1.39972117  0.72127024  0.15919262]
Smallest Loss: 0.112250696830999 loss at index 9999
Smallest Test Loss: 0.19300989244914554 loss at index 237






















[I 2025-02-17 18:25:45,266]
 Trial 28 finished with value: 0.0835593658374644 and parameters: {'lambda_reg': 0.0038163140595615526}. Best is trial 28 with value: 0.0835593658374644.









Final weights: [ 1.2977523  -1.54545044 -1.41275807 -0.92333333 -0.46641811  0.42947817
  0.23068725  0.67543139  0.34986904  1.24780922]
Smallest Loss: 0.1501523645455812 loss at index 9999
Smallest Test Loss: 0.0835593658374644 loss at index 0






















[I 2025-02-17 18:25:45,711]
 Trial 29 finished with value: 0.20262097696479126 and parameters: {'lambda_reg': 0.0034418777618591373}. Best is trial 28 with value: 0.0835593658374644.









Final weights: [ 1.33815315 -1.69274176 -1.54783167 -0.02343355 -0.9852013  -0.71992138
  0.74910415  1.5926281   1.08359629  0.08922035]
Smallest Loss: 0.15767387818542675 loss at index 9999
Smallest Test Loss: 0.20262097696479126 loss at index 1009






















[I 2025-02-17 18:25:46,182]
 Trial 30 finished with value: 0.27971745046135993 and parameters: {'lambda_reg': 0.009054946537501206}. Best is trial 28 with value: 0.0835593658374644.









Final weights: [ 1.20636456 -1.54524197 -1.21089419 -0.66787509 -0.34612356 -0.07436692
  0.52018201  0.77920122  0.40679025  0.72187849]
Smallest Loss: 0.19301786844325924 loss at index 9999
Smallest Test Loss: 0.27971745046135993 loss at index 148






















[I 2025-02-17 18:25:46,635]
 Trial 31 finished with value: 0.16591101019528096 and parameters: {'lambda_reg': 0.0018487990453805877}. Best is trial 28 with value: 0.0835593658374644.









Final weights: [ 1.30304617 -1.19783703 -2.23549815 -0.73788651 -0.62430115  0.92976112
 -0.08676684  1.03578864  1.39717014  0.13593012]
Smallest Loss: 0.13190961508230709 loss at index 9999
Smallest Test Loss: 0.16591101019528096 loss at index 110






















[I 2025-02-17 18:25:47,202]
 Trial 32 finished with value: 0.18144892405890162 and parameters: {'lambda_reg': 0.000596437633826167}. Best is trial 28 with value: 0.0835593658374644.









Final weights: [ 1.50581269 -2.11732727 -1.39466214 -0.70950232 -0.79098473  1.54959867
 -0.43952409  0.52570629  2.39952062 -0.61184394]
Smallest Loss: 0.1226185169937624 loss at index 9999
Smallest Test Loss: 0.18144892405890162 loss at index 324






















[I 2025-02-17 18:25:47,657]
 Trial 33 finished with value: 0.12976855845174778 and parameters: {'lambda_reg': 0.00033806107770465414}. Best is trial 28 with value: 0.0835593658374644.









Final weights: [ 1.33187612 -1.43866961 -1.23304106 -1.603536   -0.64443061 -1.17263751
  1.99962327  2.40466554 -0.38752106  0.70874628]
Smallest Loss: 0.11502867104835734 loss at index 9999
Smallest Test Loss: 0.12976855845174778 loss at index 182






















[I 2025-02-17 18:25:48,129]
 Trial 34 finished with value: 0.17128096058394646 and parameters: {'lambda_reg': 0.0011455811743896983}. Best is trial 28 with value: 0.0835593658374644.









Final weights: [ 1.45769107 -1.89027593 -1.60802622 -1.19635295  0.3172238   0.72389924
  0.84665161 -0.44025778  0.92090643  0.77783559]
Smallest Loss: 0.1253878026647496 loss at index 9999
Smallest Test Loss: 0.17128096058394646 loss at index 345






















[I 2025-02-17 18:25:48,578]
 Trial 35 finished with value: 0.13402164572819739 and parameters: {'lambda_reg': 0.00018744558610238083}. Best is trial 28 with value: 0.0835593658374644.









Final weights: [ 1.27695248 -1.18868382 -1.64181271 -0.73515291 -1.81386157  0.82016329
 -1.10485779  2.75927111  0.43470986  1.18188013]
Smallest Loss: 0.11564239049180272 loss at index 9999
Smallest Test Loss: 0.13402164572819739 loss at index 239






















[I 2025-02-17 18:25:49,006]
 Trial 36 finished with value: 0.24312802169308223 and parameters: {'lambda_reg': 0.022315360236053364}. Best is trial 28 with value: 0.0835593658374644.









Final weights: [ 0.94016815 -1.08127734 -1.05211825 -0.6651139  -0.27642972  0.04583092
  0.24162084  0.40462089  0.50490846  0.59139493]
Smallest Loss: 0.26618518510581557 loss at index 9999
Smallest Test Loss: 0.24312802169308223 loss at index 886






















[I 2025-02-17 18:25:49,474]
 Trial 37 finished with value: 0.1772976620894902 and parameters: {'lambda_reg': 0.004306705143057361}. Best is trial 28 with value: 0.0835593658374644.









Final weights: [ 1.29624153 -1.63774038 -1.21100195 -0.95838798 -0.30177795  0.3627908
  0.02942032  0.17193861  0.64669113  1.47838311]
Smallest Loss: 0.15751466455871832 loss at index 9999
Smallest Test Loss: 0.1772976620894902 loss at index 688






















[I 2025-02-17 18:25:49,903]
 Trial 38 finished with value: 0.189371282647341 and parameters: {'lambda_reg': 0.012966531658960829}. Best is trial 28 with value: 0.0835593658374644.









Final weights: [ 1.09553655 -1.29383725 -1.21791007 -0.73585394 -0.3032443   0.11768841
  0.29378004  0.42866366  0.6063125   0.75423006]
Smallest Loss: 0.21691407697882703 loss at index 9999
Smallest Test Loss: 0.189371282647341 loss at index 141






















[I 2025-02-17 18:25:50,333]
 Trial 39 finished with value: 0.29917985063688024 and parameters: {'lambda_reg': 0.03819431653793921}. Best is trial 28 with value: 0.0835593658374644.









Final weights: [ 0.7704983  -0.88593935 -0.84608534 -0.53343522 -0.23587642 -0.00386014
  0.16892096  0.29177968  0.3815651   0.44662573]
Smallest Loss: 0.32345339458225564 loss at index 9999
Smallest Test Loss: 0.29917985063688024 loss at index 9999






















[I 2025-02-17 18:25:50,783]
 Trial 40 finished with value: 0.17818488295842266 and parameters: {'lambda_reg': 0.00205033001554624}. Best is trial 28 with value: 0.0835593658374644.









Final weights: [ 1.39910736 -2.01781973 -0.54623643 -1.45982591 -1.10472708  0.94446943
  0.16364616  1.33832114  0.35967677  0.83488483]
Smallest Loss: 0.13943563402888337 loss at index 9999
Smallest Test Loss: 0.17818488295842266 loss at index 585






















[I 2025-02-17 18:25:51,280]
 Trial 41 finished with value: 0.21088666162048406 and parameters: {'lambda_reg': 0.00037128399345110906}. Best is trial 28 with value: 0.0835593658374644.









Final weights: [ 1.52772802 -2.06207312 -2.24542459  0.32760811  0.32474394  0.45336508
 -0.42847596 -0.04491128  0.08065836  1.98997842]
Smallest Loss: 0.12106016295566488 loss at index 9999
Smallest Test Loss: 0.21088666162048406 loss at index 316






















[I 2025-02-17 18:25:51,723]
 Trial 42 finished with value: 0.18519598190308587 and parameters: {'lambda_reg': 0.0001847926180330171}. Best is trial 28 with value: 0.0835593658374644.









Final weights: [ 1.36290973 -1.48767693 -1.87774097 -0.02757566 -1.85018493  0.60476916
  0.73413562  0.89675479 -0.47588967  2.0890597 ]
Smallest Loss: 0.11443872225361529 loss at index 9999
Smallest Test Loss: 0.18519598190308587 loss at index 148






















[I 2025-02-17 18:25:52,197]
 Trial 43 finished with value: 0.2505904874855082 and parameters: {'lambda_reg': 0.0006755383860086079}. Best is trial 28 with value: 0.0835593658374644.









Final weights: [ 1.50288734 -2.06816372 -1.70142978 -0.56367064  0.83542177 -1.0019202
  0.48012503  1.10710123  0.95911443  0.3680216 ]
Smallest Loss: 0.12211279382336229 loss at index 9999
Smallest Test Loss: 0.2505904874855082 loss at index 242






















[I 2025-02-17 18:25:52,851]
 Trial 44 finished with value: 0.1709694794529396 and parameters: {'lambda_reg': 0.0004515748067265874}. Best is trial 28 with value: 0.0835593658374644.









Final weights: [ 1.49212313 -2.22624461 -1.10073431 -0.1187369  -0.97354009 -0.10703135
 -0.30756296  1.9671578  -0.07993399  1.39537143]
Smallest Loss: 0.1214553589420023 loss at index 9999
Smallest Test Loss: 0.1709694794529396 loss at index 139






















[I 2025-02-17 18:25:53,296]
 Trial 45 finished with value: 0.25307557595150165 and parameters: {'lambda_reg': 0.2138986320032314}. Best is trial 28 with value: 0.0835593658374644.









Final weights: [ 0.26745158 -0.30431077 -0.30359022 -0.21578347 -0.12950393 -0.06019138
 -0.00756916  0.03172065  0.06102171  0.08299992]
Smallest Loss: 0.48980164259197656 loss at index 5350
Smallest Test Loss: 0.25307557595150165 loss at index 7427






















[I 2025-02-17 18:25:53,759]
 Trial 46 finished with value: 0.14537539549142434 and parameters: {'lambda_reg': 0.0001012853583130678}. Best is trial 28 with value: 0.0835593658374644.









Final weights: [ 1.38708284 -1.79411097 -0.88670668 -1.25966949 -1.03891147  0.8179118
 -0.35232681 -0.06002593  2.00369837  1.15795818]
Smallest Loss: 0.11477855310050401 loss at index 9999
Smallest Test Loss: 0.14537539549142434 loss at index 700






















[I 2025-02-17 18:25:54,264]
 Trial 47 finished with value: 0.1306465128848684 and parameters: {'lambda_reg': 0.0008824907066099216}. Best is trial 28 with value: 0.0835593658374644.









Final weights: [ 1.22101522 -0.99995697 -1.66910908 -1.1044127  -0.95338438 -0.80985942
  0.67714878  1.57096548  1.06617239  0.98073173]
Smallest Loss: 0.12363205219454936 loss at index 9999
Smallest Test Loss: 0.1306465128848684 loss at index 804






















[I 2025-02-17 18:25:54,772]
 Trial 48 finished with value: 0.13135031648006235 and parameters: {'lambda_reg': 0.00029458556994360515}. Best is trial 28 with value: 0.0835593658374644.









Final weights: [ 1.3394964  -1.35406494 -1.73693576 -1.01539464 -1.0206876  -0.32869114
  1.77070536  1.47269821  0.17951299  0.65375309]
Smallest Loss: 0.11191863009726317 loss at index 9999
Smallest Test Loss: 0.13135031648006235 loss at index 365






















[I 2025-02-17 18:25:55,246]
 Trial 49 finished with value: 0.1743144267347191 and parameters: {'lambda_reg': 0.00016030982608409487}. Best is trial 28 with value: 0.0835593658374644.









Final weights: [ 1.36072738 -1.44882643 -1.59555685 -1.5074025  -0.25631993  0.60601028
 -0.11167082  0.83680725  1.84559714  0.23271402]
Smallest Loss: 0.11070035843305708 loss at index 9999
Smallest Test Loss: 0.1743144267347191 loss at index 335
Best lambda_reg: 0.0038163140595615526
Best test loss: 0.0835593658374644
Best lambda_reg: 0.0038163140595615526
Best test loss: 0.0835593658374644






/tmp/ipykernel_69330/2963884763.py:19: ExperimentalWarning: plot_optimization_history is experimental (supported from v2.2.0). The interface can change in the future.
  optuna.visualization.matplotlib.plot_optimization_history(study)




















 










 
Optimization Algorithms












 


Edit this page
View source
Report an issue